<?xml version="1.0" encoding="UTF-8"?>
<!-- Generated by org.testng.reporters.JUnitReportReporter -->
<testsuite skipped="0" hostname="DESKTOP-KVV1592" name="handlingDiffScenario.AssignmentAutoSuggestDropDown" tests="1" failures="0" timestamp="11 Jan 2019 19:15:07 GMT" time="14.921" errors="0">
  <testcase name="handleAutoSuggestDropDown" time="14.921" classname="handlingDiffScenario.AssignmentAutoSuggestDropDown"/>
</testsuite> <!-- handlingDiffScenario.AssignmentAutoSuggestDropDown -->
