<?xml version="1.0" encoding="UTF-8"?>
<!-- Generated by org.testng.reporters.JUnitReportReporter -->
<testsuite skipped="0" hostname="DESKTOP-KVV1592" name="handlingDiffScenario.HandleAutoSuggestDropDownWithExpValue" tests="1" failures="0" timestamp="11 Jan 2019 18:28:54 GMT" time="10.020" errors="0">
  <testcase name="handleAutoSuggestDropDown" time="10.020" classname="handlingDiffScenario.HandleAutoSuggestDropDownWithExpValue"/>
</testsuite> <!-- handlingDiffScenario.HandleAutoSuggestDropDownWithExpValue -->
