<?xml version="1.0" encoding="UTF-8"?>
<!-- Generated by org.testng.reporters.JUnitReportReporter -->
<testsuite skipped="0" hostname="DESKTOP-KVV1592" name="handlingDropDown.HandleStaticDropDown" tests="1" failures="0" timestamp="30 Jan 2019 04:04:41 GMT" time="19.693" errors="0">
  <testcase name="staticDropDown" time="19.693" classname="handlingDropDown.HandleStaticDropDown"/>
</testsuite> <!-- handlingDropDown.HandleStaticDropDown -->
