<?xml version="1.0" encoding="UTF-8"?>
<!-- Generated by org.testng.reporters.JUnitReportReporter -->
<testsuite skipped="0" hostname="shubham-PC" name="priority.testng.TestNG_Priority4" tests="5" failures="0" timestamp="16 Dec 2017 18:31:09 GMT" time="0.015" errors="0">
  <testcase name="e_method" time="0.011" classname="priority.testng.TestNG_Priority4"/>
  <testcase name="d_method" time="0.001" classname="priority.testng.TestNG_Priority4"/>
  <testcase name="a_method" time="0.001" classname="priority.testng.TestNG_Priority4"/>
  <testcase name="c_method" time="0.001" classname="priority.testng.TestNG_Priority4"/>
  <testcase name="b_method" time="0.001" classname="priority.testng.TestNG_Priority4"/>
</testsuite> <!-- priority.testng.TestNG_Priority4 -->
