<?xml version="1.0" encoding="UTF-8"?>
<!-- Generated by org.testng.reporters.JUnitReportReporter -->
<testsuite skipped="0" hostname="DESKTOP-KVV1592" name="handlingWindow.GetSecWindowId" tests="1" failures="0" timestamp="11 Jan 2019 05:35:55 GMT" time="15.746" errors="0">
  <testcase name="login" time="15.746" classname="handlingWindow.GetSecWindowId"/>
</testsuite> <!-- handlingWindow.GetSecWindowId -->
