<?xml version="1.0" encoding="UTF-8"?>
<!-- Generated by org.testng.reporters.JUnitReportReporter -->
<testsuite skipped="0" hostname="DESKTOP-KVV1592" name="handlingDropDown.HandleAutoSuggestDropDownWithExpValue" tests="1" failures="0" timestamp="30 Jan 2019 03:38:54 GMT" time="8.030" errors="0">
  <testcase name="handleAutoSuggestDropDown" time="8.030" classname="handlingDropDown.HandleAutoSuggestDropDownWithExpValue"/>
</testsuite> <!-- handlingDropDown.HandleAutoSuggestDropDownWithExpValue -->
