<?xml version="1.0" encoding="UTF-8"?>
<!-- Generated by org.testng.reporters.JUnitReportReporter -->
<testsuite skipped="0" hostname="DESKTOP-KVV1592" name="handlingDiffScenario.HandleAutoSuggestiveDropDown" tests="1" failures="0" timestamp="11 Jan 2019 17:35:30 GMT" time="19.599" errors="0">
  <testcase name="handleAutoSuggestDropDown" time="19.599" classname="handlingDiffScenario.HandleAutoSuggestiveDropDown"/>
</testsuite> <!-- handlingDiffScenario.HandleAutoSuggestiveDropDown -->
