<?xml version="1.0" encoding="UTF-8"?>
<!-- Generated by org.testng.reporters.JUnitReportReporter -->
<testsuite skipped="0" hostname="DESKTOP-KVV1592" name="handlingDropDown.HandleDynamicDropDown" tests="1" failures="0" timestamp="30 Jan 2019 12:17:32 GMT" time="16.331" errors="0">
  <testcase name="handleDynamicDropDown" time="16.331" classname="handlingDropDown.HandleDynamicDropDown"/>
</testsuite> <!-- handlingDropDown.HandleDynamicDropDown -->
