<?xml version="1.0" encoding="UTF-8"?>
<!-- Generated by org.testng.reporters.JUnitReportReporter -->
<testsuite skipped="0" hostname="DESKTOP-KVV1592" name="handlingDiffScenario.HandleAutoSuggestDropDownWthSelenium" tests="1" failures="0" timestamp="11 Jan 2019 19:37:23 GMT" time="28.914" errors="0">
  <testcase name="handleAutoSuggestDropDown" time="28.914" classname="handlingDiffScenario.HandleAutoSuggestDropDownWthSelenium"/>
</testsuite> <!-- handlingDiffScenario.HandleAutoSuggestDropDownWthSelenium -->
