<?xml version="1.0" encoding="UTF-8"?>
<!-- Generated by org.testng.reporters.JUnitReportReporter -->
<testsuite skipped="0" hostname="shubham-PC" name="dem.Deo" tests="1" failures="0" timestamp="11 Jan 2018 18:36:38 GMT" time="0.010" errors="0">
  <testcase name="demo" time="0.010" classname="dem.Deo"/>
</testsuite> <!-- dem.Deo -->
