<?xml version="1.0" encoding="UTF-8"?>
<!-- Generated by org.testng.reporters.JUnitReportReporter -->
<testsuite skipped="0" hostname="DESKTOP-KVV1592" name="handlingDropDown.HandleAutoSuggestDropDownWthSelenium" tests="1" failures="0" timestamp="30 Jan 2019 03:39:24 GMT" time="11.316" errors="0">
  <testcase name="handleAutoSuggestDropDown" time="11.316" classname="handlingDropDown.HandleAutoSuggestDropDownWthSelenium"/>
</testsuite> <!-- handlingDropDown.HandleAutoSuggestDropDownWthSelenium -->
