<?xml version="1.0" encoding="UTF-8"?>
<!-- Generated by org.testng.reporters.JUnitReportReporter -->
<testsuite skipped="0" hostname="LAPTOP-6KSVJ6TI" name="handlingMMTAction.HandleOneWay" tests="1" failures="0" timestamp="08 Apr 2019 19:00:34 GMT" time="27.186" errors="0">
  <testcase name="bookOneWayTrip" time="27.186" classname="handlingMMTAction.HandleOneWay"/>
</testsuite> <!-- handlingMMTAction.HandleOneWay -->
