<?xml version="1.0" encoding="UTF-8"?>
<!-- Generated by org.testng.reporters.JUnitReportReporter -->
<testsuite skipped="0" hostname="shubham-PC" name="priority.testng.TestNG_Priority2" tests="5" failures="0" timestamp="11 Jan 2018 18:32:54 GMT" time="0.018" errors="0">
  <testcase name="b_method" time="0.002" classname="priority.testng.TestNG_Priority2"/>
  <testcase name="c_method" time="0.002" classname="priority.testng.TestNG_Priority2"/>
  <testcase name="d_method" time="0.001" classname="priority.testng.TestNG_Priority2"/>
  <testcase name="e_method" time="0.002" classname="priority.testng.TestNG_Priority2"/>
  <testcase name="a_method" time="0.011" classname="priority.testng.TestNG_Priority2"/>
</testsuite> <!-- priority.testng.TestNG_Priority2 -->
