<?xml version="1.0" encoding="UTF-8"?>
<!-- Generated by org.testng.reporters.JUnitReportReporter -->
<testsuite skipped="0" hostname="DESKTOP-KVV1592" name="handlingIFrame.HandleFrame" tests="1" failures="0" timestamp="11 Jan 2019 09:31:33 GMT" time="10.062" errors="0">
  <testcase name="iframeHandle" time="10.062" classname="handlingIFrame.HandleFrame"/>
</testsuite> <!-- handlingIFrame.HandleFrame -->
