<?xml version="1.0" encoding="UTF-8"?>
<!-- Generated by org.testng.reporters.JUnitReportReporter -->
<testsuite skipped="0" hostname="DESKTOP-KVV1592" name="handlingDropDown.HandleDropDownLoopingUI" tests="1" failures="0" timestamp="30 Jan 2019 04:30:34 GMT" time="24.404" errors="0">
  <testcase name="handleDropDownLoopUI" time="24.404" classname="handlingDropDown.HandleDropDownLoopingUI"/>
</testsuite> <!-- handlingDropDown.HandleDropDownLoopingUI -->
