<?xml version="1.0" encoding="UTF-8"?>
<!-- Generated by org.testng.reporters.JUnitReportReporter -->
<testsuite skipped="0" hostname="shubham-PC" name="priority.testng.TestNG_Priority3" tests="4" failures="0" timestamp="16 Dec 2017 15:59:53 GMT" time="11.465" errors="0">
  <testcase name="openBrowser" time="3.571" classname="priority.testng.TestNG_Priority3"/>
  <testcase name="launchGoogle" time="2.509" classname="priority.testng.TestNG_Priority3"/>
  <testcase name="peformSeachAndClick1stLink" time="0.307" classname="priority.testng.TestNG_Priority3"/>
  <testcase name="FaceBookPageTitleVerification" time="5.078" classname="priority.testng.TestNG_Priority3"/>
</testsuite> <!-- priority.testng.TestNG_Priority3 -->
