<?xml version="1.0" encoding="UTF-8"?>
<!-- Generated by org.testng.reporters.JUnitReportReporter -->
<testsuite skipped="0" hostname="DESKTOP-KVV1592" name="handlingDropDown.AssignmentAutoSuggestDropDown" tests="1" failures="0" timestamp="30 Jan 2019 03:38:32 GMT" time="16.659" errors="0">
  <testcase name="handleAutoSuggestDropDown" time="16.659" classname="handlingDropDown.AssignmentAutoSuggestDropDown"/>
</testsuite> <!-- handlingDropDown.AssignmentAutoSuggestDropDown -->
