<?xml version="1.0" encoding="UTF-8"?>
<!-- Generated by org.testng.reporters.JUnitReportReporter -->
<testsuite skipped="0" hostname="LAPTOP-6KSVJ6TI" name="handlingMMTAction.HandleOneWay" tests="1" failures="0" timestamp="08 Apr 2019 16:37:57 GMT" time="24.537" errors="0">
  <testcase name="bookOneWayTrip" time="24.537" classname="handlingMMTAction.HandleOneWay"/>
</testsuite> <!-- handlingMMTAction.HandleOneWay -->
