<?xml version="1.0" encoding="UTF-8"?>
<!-- Generated by org.testng.reporters.JUnitReportReporter -->
<testsuite skipped="0" hostname="LAPTOP-6KSVJ6TI" name="handlingDropDown.HandleAutoSuggestDropDownWthSelenium" tests="1" failures="0" timestamp="07 Apr 2019 05:14:36 GMT" time="23.654" errors="0">
  <testcase name="handleAutoSuggestDropDown" time="23.654" classname="handlingDropDown.HandleAutoSuggestDropDownWthSelenium"/>
</testsuite> <!-- handlingDropDown.HandleAutoSuggestDropDownWthSelenium -->
